<?xml version="1.0" encoding="UTF-8"?>
<testng-results skipped="0" failed="0" ignored="0" total="1" passed="1">
  <reporter-output>
  </reporter-output>
  <suite name="Suite" duration-ms="77498" started-at="2021-09-19T10:53:50 IST" finished-at="2021-09-19T10:55:08 IST">
    <groups>
    </groups>
    <test name="Test" duration-ms="77498" started-at="2021-09-19T10:53:50 IST" finished-at="2021-09-19T10:55:08 IST">
      <class name="com.crm.practice.ReadDataFromXmlTest">
        <test-method status="PASS" signature="readDataFromXML(org.testng.xml.XmlTest)[pri:0, instance:com.crm.practice.ReadDataFromXmlTest@3aeaafa6]" name="readDataFromXML" duration-ms="77308" started-at="2021-09-19T10:53:50 IST" finished-at="2021-09-19T10:55:08 IST">
          <params>
            <param index="0">
              <value>
                <![CDATA[org.testng.xml.XmlTest@3bdc6a07]]>
              </value>
            </param>
          </params>
          <reporter-output>
          </reporter-output>
        </test-method> <!-- readDataFromXML -->
      </class> <!-- com.crm.practice.ReadDataFromXmlTest -->
    </test> <!-- Test -->
  </suite> <!-- Suite -->
</testng-results>
